2026-04-30 13:46:25,119 [INFO] ======================================================================
2026-04-30 13:46:25,119 [INFO] INFORMATICA POWERCENTER ETL SIMULATION ENGINE
2026-04-30 13:46:25,119 [INFO] ======================================================================
2026-04-30 13:46:25,120 [INFO] Batch ID    : AUTO
2026-04-30 13:46:25,120 [INFO] Source Dir  : C:\Users\ASUS\OneDrive\Documents\XClarity\Informatica-test\source_data
2026-04-30 13:46:25,120 [INFO] Target Dir  : C:\Users\ASUS\OneDrive\Documents\XClarity\Informatica-test\target_data
2026-04-30 13:46:25,120 [INFO] Mapping File: C:\Users\ASUS\OneDrive\Documents\XClarity\Informatica-test\mappings\informatica_repository.xml
2026-04-30 13:46:25,122 [INFO] ----------------------------------------------------------------------
2026-04-30 13:46:25,123 [INFO] Parsed 50 mappings from repository XML
2026-04-30 13:46:25,128 [INFO] [1/50] OK    m_customer_load Ś 20 rows (4.6ms)
2026-04-30 13:46:25,131 [INFO] [2/50] OK    m_customer_deduplicate Ś 20 rows (2.7ms)
2026-04-30 13:46:25,135 [INFO] [3/50] OK    m_customer_validate Ś 20 rows (3.7ms)
2026-04-30 13:46:25,138 [INFO] [4/50] OK    m_customer_scd2 Ś 20 rows (2.7ms)
2026-04-30 13:46:25,141 [INFO] [5/50] OK    m_customer_address_normalize Ś 20 rows (2.9ms)
2026-04-30 13:46:25,149 [INFO] [6/50] OK    m_customer_segment Ś 20 rows (8.2ms)
2026-04-30 13:46:25,154 [INFO] [7/50] OK    m_customer_merge Ś 20 rows (4.6ms)
2026-04-30 13:46:25,157 [INFO] [8/50] OK    m_customer_privacy_mask Ś 20 rows (2.9ms)
2026-04-30 13:46:25,173 [INFO] [9/50] OK    m_customer_lifetime_value Ś 20 rows (16.0ms)
2026-04-30 13:46:25,179 [INFO] [10/50] OK    m_customer_churn_flag Ś 20 rows (6.5ms)
2026-04-30 13:46:25,182 [INFO] [11/50] OK    m_sales_order_load Ś 20 rows (2.2ms)
2026-04-30 13:46:25,185 [INFO] [12/50] OK    m_sales_order_validate Ś 20 rows (3.5ms)
2026-04-30 13:46:25,187 [INFO] [13/50] OK    m_sales_line_item_load Ś 25 rows (2.1ms)
2026-04-30 13:46:25,190 [INFO] [14/50] OK    m_sales_discount_calc Ś 25 rows (3.1ms)
2026-04-30 13:46:25,193 [INFO] [15/50] OK    m_sales_tax_calc Ś 20 rows (2.9ms)
2026-04-30 13:46:25,196 [INFO] [16/50] OK    m_sales_commission_calc Ś 20 rows (2.3ms)
2026-04-30 13:46:25,198 [INFO] [17/50] OK    m_sales_returns_process Ś 15 rows (2.3ms)
2026-04-30 13:46:25,204 [INFO] [18/50] OK    m_sales_revenue_aggregate Ś 10 rows (6.0ms)
2026-04-30 13:46:25,206 [INFO] [19/50] OK    m_sales_forecast_load Ś 20 rows (1.8ms)
2026-04-30 13:46:25,209 [INFO] [20/50] OK    m_sales_pipeline_status Ś 20 rows (2.8ms)
2026-04-30 13:46:25,211 [INFO] [21/50] OK    m_product_catalog_load Ś 20 rows (2.1ms)
2026-04-30 13:46:25,214 [INFO] [22/50] OK    m_product_category_hierarchy Ś 15 rows (2.8ms)
2026-04-30 13:46:25,217 [INFO] [23/50] OK    m_product_price_history Ś 20 rows (3.1ms)
2026-04-30 13:46:25,219 [INFO] [24/50] OK    m_product_inventory_load Ś 25 rows (2.0ms)
2026-04-30 13:46:25,222 [INFO] [25/50] OK    m_product_inventory_alert Ś 4 rows (3.0ms)
2026-04-30 13:46:25,226 [INFO] [26/50] OK    m_product_supplier_map Ś 20 rows (3.8ms)
2026-04-30 13:46:25,230 [INFO] [27/50] OK    m_product_bundle_create Ś 3 rows (3.7ms)
2026-04-30 13:46:25,235 [INFO] [28/50] OK    m_product_review_sentiment Ś 16 rows (5.0ms)
2026-04-30 13:46:25,242 [INFO] [29/50] OK    m_product_lifecycle_stage Ś 20 rows (7.1ms)
2026-04-30 13:46:25,247 [INFO] [30/50] OK    m_product_recommendation Ś 20 rows (4.7ms)
2026-04-30 13:46:25,249 [INFO] [31/50] OK    m_finance_gl_load Ś 25 rows (2.1ms)
2026-04-30 13:46:25,251 [INFO] [32/50] OK    m_finance_ap_load Ś 15 rows (2.0ms)
2026-04-30 13:46:25,253 [INFO] [33/50] OK    m_finance_ar_load Ś 20 rows (2.1ms)
2026-04-30 13:46:25,257 [INFO] [34/50] OK    m_finance_journal_validate Ś 25 rows (3.0ms)
2026-04-30 13:46:25,262 [INFO] [35/50] OK    m_finance_currency_convert Ś 25 rows (5.3ms)
2026-04-30 13:46:25,265 [INFO] [36/50] OK    m_finance_budget_variance Ś 20 rows (2.8ms)
2026-04-30 13:46:25,268 [INFO] [37/50] OK    m_finance_expense_categorize Ś 11 rows (2.7ms)
2026-04-30 13:46:25,271 [INFO] [38/50] OK    m_finance_revenue_recognize Ś 7 rows (3.6ms)
2026-04-30 13:46:25,277 [INFO] [39/50] OK    m_finance_consolidation Ś 10 rows (5.3ms)
2026-04-30 13:46:25,280 [INFO] [40/50] OK    m_finance_audit_trail Ś 25 rows (3.3ms)
2026-04-30 13:46:25,282 [INFO] [41/50] OK    m_hr_employee_load Ś 20 rows (2.1ms)
2026-04-30 13:46:25,285 [INFO] [42/50] OK    m_hr_payroll_calc Ś 20 rows (3.0ms)
2026-04-30 13:46:25,288 [INFO] [43/50] OK    m_hr_attendance_load Ś 25 rows (2.0ms)
2026-04-30 13:46:25,290 [INFO] [44/50] OK    m_hr_performance_score Ś 20 rows (2.7ms)
2026-04-30 13:46:25,300 [INFO] [45/50] OK    m_hr_turnover_analysis Ś 20 rows (10.2ms)
2026-04-30 13:46:25,303 [INFO] [46/50] OK    m_ops_shipping_load Ś 20 rows (2.4ms)
2026-04-30 13:46:25,307 [INFO] [47/50] OK    m_ops_delivery_tracking Ś 20 rows (4.2ms)
2026-04-30 13:46:25,311 [INFO] [48/50] OK    m_ops_warehouse_inventory Ś 25 rows (3.8ms)
2026-04-30 13:46:25,314 [INFO] [49/50] OK    m_ops_quality_metrics Ś 20 rows (2.7ms)
2026-04-30 13:46:25,317 [INFO] [50/50] OK    m_ops_vendor_scorecard Ś 10 rows (2.6ms)
2026-04-30 13:46:25,317 [INFO] ----------------------------------------------------------------------
2026-04-30 13:46:25,317 [INFO] SUMMARY: 50 succeeded, 0 failed, 0 skipped out of 50
2026-04-30 13:46:25,317 [INFO] ======================================================================
2026-04-30 13:46:25,317 [INFO] Summary written to C:\Users\ASUS\OneDrive\Documents\XClarity\Informatica-test\target_data\etl_summary.json
